make  install-am
make[1]: Entering directory '/home/inderharrysingh/hyperx/Ubuntu-Hyprland/ImageMagick'
make[2]: Entering directory '/home/inderharrysingh/hyperx/Ubuntu-Hyprland/ImageMagick'
 /usr/bin/mkdir -p '/usr/local/lib'
 /bin/bash ./libtool   --mode=install /usr/bin/install -c   MagickCore/libMagickCore-7.Q16HDRI.la MagickWand/libMagickWand-7.Q16HDRI.la Magick++/lib/libMagick++-7.Q16HDRI.la '/usr/local/lib'
libtool: install: /usr/bin/install -c MagickCore/.libs/libMagickCore-7.Q16HDRI.so.10.0.1 /usr/local/lib/libMagickCore-7.Q16HDRI.so.10.0.1
libtool: install: (cd /usr/local/lib && { ln -s -f libMagickCore-7.Q16HDRI.so.10.0.1 libMagickCore-7.Q16HDRI.so.10 || { rm -f libMagickCore-7.Q16HDRI.so.10 && ln -s libMagickCore-7.Q16HDRI.so.10.0.1 libMagickCore-7.Q16HDRI.so.10; }; })
libtool: install: (cd /usr/local/lib && { ln -s -f libMagickCore-7.Q16HDRI.so.10.0.1 libMagickCore-7.Q16HDRI.so || { rm -f libMagickCore-7.Q16HDRI.so && ln -s libMagickCore-7.Q16HDRI.so.10.0.1 libMagickCore-7.Q16HDRI.so; }; })
libtool: install: /usr/bin/install -c MagickCore/.libs/libMagickCore-7.Q16HDRI.lai /usr/local/lib/libMagickCore-7.Q16HDRI.la
libtool: warning: relinking 'MagickWand/libMagickWand-7.Q16HDRI.la'
libtool: install: (cd /home/inderharrysingh/hyperx/Ubuntu-Hyprland/ImageMagick; /bin/bash "/home/inderharrysingh/hyperx/Ubuntu-Hyprland/ImageMagick/libtool"  --silent --tag CC --mode=relink gcc -I/usr/include/libxml2 -I/usr/include/webp -I/usr/include/webp -I/usr/include/x86_64-linux-gnu -I/usr/include/webp -I/usr/include/libpng16 -I/usr/include/pango-1.0 -I/usr/include/glib-2.0 -I/usr/lib/x86_64-linux-gnu/glib-2.0/include -I/usr/include/harfbuzz -I/usr/include/freetype2 -I/usr/include/libpng16 -I/usr/include/libmount -I/usr/include/blkid -I/usr/include/fribidi -I/usr/include/cairo -I/usr/include/pixman-1 -pthread -I/usr/include/freetype2 -I/usr/include/libpng16 -I/usr/include/freetype2 -I/usr/include/libpng16 -fopenmp -Wall -g -O2 -mtune=core2 -fexceptions -pthread -DMAGICKCORE_HDRI_ENABLE=1 -DMAGICKCORE_QUANTUM_DEPTH=16 -DMAGICKCORE_CHANNEL_MASK_DEPTH=32 -no-undefined -Wl,--version-script=./MagickWand/libMagickWand.map -version-info 10:1:0 -o MagickWand/libMagickWand-7.Q16HDRI.la -rpath /usr/local/lib MagickWand/libMagickWand_7_Q16HDRI_la-animate.lo MagickWand/libMagickWand_7_Q16HDRI_la-compare.lo MagickWand/libMagickWand_7_Q16HDRI_la-composite.lo MagickWand/libMagickWand_7_Q16HDRI_la-conjure.lo MagickWand/libMagickWand_7_Q16HDRI_la-deprecate.lo MagickWand/libMagickWand_7_Q16HDRI_la-display.lo MagickWand/libMagickWand_7_Q16HDRI_la-drawing-wand.lo MagickWand/libMagickWand_7_Q16HDRI_la-identify.lo MagickWand/libMagickWand_7_Q16HDRI_la-import.lo MagickWand/libMagickWand_7_Q16HDRI_la-magick-cli.lo MagickWand/libMagickWand_7_Q16HDRI_la-magick-image.lo MagickWand/libMagickWand_7_Q16HDRI_la-magick-property.lo MagickWand/libMagickWand_7_Q16HDRI_la-magick-wand.lo MagickWand/libMagickWand_7_Q16HDRI_la-mogrify.lo MagickWand/libMagickWand_7_Q16HDRI_la-montage.lo MagickWand/libMagickWand_7_Q16HDRI_la-operation.lo MagickWand/libMagickWand_7_Q16HDRI_la-pixel-iterator.lo MagickWand/libMagickWand_7_Q16HDRI_la-pixel-wand.lo MagickWand/libMagickWand_7_Q16HDRI_la-script-token.lo MagickWand/libMagickWand_7_Q16HDRI_la-stream.lo MagickWand/libMagickWand_7_Q16HDRI_la-wand.lo MagickWand/libMagickWand_7_Q16HDRI_la-wandcli.lo MagickWand/libMagickWand_7_Q16HDRI_la-wand-view.lo MagickCore/libMagickCore-7.Q16HDRI.la -lSM -lICE -lX11 -lgomp -lm )
libtool: install: /usr/bin/install -c MagickWand/.libs/libMagickWand-7.Q16HDRI.so.10.0.1T /usr/local/lib/libMagickWand-7.Q16HDRI.so.10.0.1
libtool: install: (cd /usr/local/lib && { ln -s -f libMagickWand-7.Q16HDRI.so.10.0.1 libMagickWand-7.Q16HDRI.so.10 || { rm -f libMagickWand-7.Q16HDRI.so.10 && ln -s libMagickWand-7.Q16HDRI.so.10.0.1 libMagickWand-7.Q16HDRI.so.10; }; })
libtool: install: (cd /usr/local/lib && { ln -s -f libMagickWand-7.Q16HDRI.so.10.0.1 libMagickWand-7.Q16HDRI.so || { rm -f libMagickWand-7.Q16HDRI.so && ln -s libMagickWand-7.Q16HDRI.so.10.0.1 libMagickWand-7.Q16HDRI.so; }; })
libtool: install: /usr/bin/install -c MagickWand/.libs/libMagickWand-7.Q16HDRI.lai /usr/local/lib/libMagickWand-7.Q16HDRI.la
libtool: warning: relinking 'Magick++/lib/libMagick++-7.Q16HDRI.la'
libtool: install: (cd /home/inderharrysingh/hyperx/Ubuntu-Hyprland/ImageMagick; /bin/bash "/home/inderharrysingh/hyperx/Ubuntu-Hyprland/ImageMagick/libtool"  --silent --tag CXX --mode=relink g++ -g -O2 -pthread -no-undefined -version-info 5:0:0 -o Magick++/lib/libMagick++-7.Q16HDRI.la -rpath /usr/local/lib Magick++/lib/libMagick___7_Q16HDRI_la-Blob.lo Magick++/lib/libMagick___7_Q16HDRI_la-BlobRef.lo Magick++/lib/libMagick___7_Q16HDRI_la-CoderInfo.lo Magick++/lib/libMagick___7_Q16HDRI_la-Color.lo Magick++/lib/libMagick___7_Q16HDRI_la-Drawable.lo Magick++/lib/libMagick___7_Q16HDRI_la-Exception.lo Magick++/lib/libMagick___7_Q16HDRI_la-Functions.lo Magick++/lib/libMagick___7_Q16HDRI_la-Geometry.lo Magick++/lib/libMagick___7_Q16HDRI_la-Image.lo Magick++/lib/libMagick___7_Q16HDRI_la-ImageRef.lo Magick++/lib/libMagick___7_Q16HDRI_la-Montage.lo Magick++/lib/libMagick___7_Q16HDRI_la-Options.lo Magick++/lib/libMagick___7_Q16HDRI_la-Pixels.lo Magick++/lib/libMagick___7_Q16HDRI_la-ResourceLimits.lo Magick++/lib/libMagick___7_Q16HDRI_la-SecurityPolicy.lo Magick++/lib/libMagick___7_Q16HDRI_la-Statistic.lo Magick++/lib/libMagick___7_Q16HDRI_la-STL.lo Magick++/lib/libMagick___7_Q16HDRI_la-Thread.lo Magick++/lib/libMagick___7_Q16HDRI_la-TypeMetric.lo MagickCore/libMagickCore-7.Q16HDRI.la MagickWand/libMagickWand-7.Q16HDRI.la )
libtool: install: /usr/bin/install -c Magick++/lib/.libs/libMagick++-7.Q16HDRI.so.5.0.0T /usr/local/lib/libMagick++-7.Q16HDRI.so.5.0.0
libtool: install: (cd /usr/local/lib && { ln -s -f libMagick++-7.Q16HDRI.so.5.0.0 libMagick++-7.Q16HDRI.so.5 || { rm -f libMagick++-7.Q16HDRI.so.5 && ln -s libMagick++-7.Q16HDRI.so.5.0.0 libMagick++-7.Q16HDRI.so.5; }; })
libtool: install: (cd /usr/local/lib && { ln -s -f libMagick++-7.Q16HDRI.so.5.0.0 libMagick++-7.Q16HDRI.so || { rm -f libMagick++-7.Q16HDRI.so && ln -s libMagick++-7.Q16HDRI.so.5.0.0 libMagick++-7.Q16HDRI.so; }; })
libtool: install: /usr/bin/install -c Magick++/lib/.libs/libMagick++-7.Q16HDRI.lai /usr/local/lib/libMagick++-7.Q16HDRI.la
libtool: install: /usr/bin/install -c MagickCore/.libs/libMagickCore-7.Q16HDRI.a /usr/local/lib/libMagickCore-7.Q16HDRI.a
libtool: install: chmod 644 /usr/local/lib/libMagickCore-7.Q16HDRI.a
libtool: install: ranlib /usr/local/lib/libMagickCore-7.Q16HDRI.a
libtool: install: /usr/bin/install -c MagickWand/.libs/libMagickWand-7.Q16HDRI.a /usr/local/lib/libMagickWand-7.Q16HDRI.a
libtool: install: chmod 644 /usr/local/lib/libMagickWand-7.Q16HDRI.a
libtool: install: ranlib /usr/local/lib/libMagickWand-7.Q16HDRI.a
libtool: install: /usr/bin/install -c Magick++/lib/.libs/libMagick++-7.Q16HDRI.a /usr/local/lib/libMagick++-7.Q16HDRI.a
libtool: install: chmod 644 /usr/local/lib/libMagick++-7.Q16HDRI.a
libtool: install: ranlib /usr/local/lib/libMagick++-7.Q16HDRI.a
libtool: finish: PATH="/usr/local/sbin:/usr/local/bin:/usr/sbin:/usr/bin:/sbin:/bin:/snap/bin:/sbin" ldconfig -n /usr/local/lib
----------------------------------------------------------------------
Libraries have been installed in:
   /usr/local/lib

If you ever happen to want to link against installed libraries
in a given directory, LIBDIR, you must either use libtool, and
specify the full pathname of the library, or use the '-LLIBDIR'
flag during linking and do at least one of the following:
   - add LIBDIR to the 'LD_LIBRARY_PATH' environment variable
     during execution
   - add LIBDIR to the 'LD_RUN_PATH' environment variable
     during linking
   - use the '-Wl,-rpath -Wl,LIBDIR' linker flag
   - have your system administrator add LIBDIR to '/etc/ld.so.conf'

See any operating system documentation about shared libraries for
more information, such as the ld(1) and ld.so(8) manual pages.
----------------------------------------------------------------------
 /usr/bin/mkdir -p '/usr/local/bin'
  /bin/bash ./libtool   --mode=install /usr/bin/install -c utilities/magick '/usr/local/bin'
libtool: install: /usr/bin/install -c utilities/.libs/magick /usr/local/bin/magick
 /usr/bin/mkdir -p '/usr/local/bin'
 /usr/bin/install -c MagickCore/MagickCore-config MagickWand/MagickWand-config Magick++/bin/Magick++-config '/usr/local/bin'
/bin/bash ./config/mkinstalldirs /usr/local/bin
cd /usr/local/bin ; \
magick=`echo "magick" | sed 's,^.*/,,;s/$//;s,x,x,;s/$//'`; \
for name in animate compare composite conjure convert display identify import magick-script mogrify montage stream ; \
do \
  target=`echo "$name" | sed 's,^.*/,,;s/$//;s,x,x,;s/$//'`; \
  rm -f $target ; \
  ln -s $magick $target ; \
done
 /usr/bin/mkdir -p '/usr/local/include/ImageMagick-7/MagickCore'
 /usr/bin/install -c -m 644 MagickCore/MagickCore.h MagickCore/animate.h MagickCore/annotate.h MagickCore/artifact.h MagickCore/attribute.h MagickCore/blob.h MagickCore/cache.h MagickCore/cache-view.h MagickCore/channel.h MagickCore/cipher.h MagickCore/client.h MagickCore/coder.h MagickCore/color.h MagickCore/colormap.h MagickCore/colorspace.h MagickCore/compare.h MagickCore/composite.h MagickCore/compress.h MagickCore/configure.h MagickCore/constitute.h MagickCore/decorate.h MagickCore/delegate.h MagickCore/deprecate.h MagickCore/display.h MagickCore/distort.h MagickCore/distribute-cache.h MagickCore/draw.h MagickCore/effect.h MagickCore/enhance.h MagickCore/exception.h MagickCore/feature.h MagickCore/fourier.h MagickCore/fx.h MagickCore/gem.h MagickCore/geometry.h MagickCore/histogram.h MagickCore/identify.h MagickCore/image.h MagickCore/image-view.h MagickCore/layer.h '/usr/local/include/ImageMagick-7/MagickCore'
 /usr/bin/install -c -m 644 MagickCore/linked-list.h MagickCore/list.h MagickCore/locale_.h MagickCore/log.h MagickCore/magic.h MagickCore/magick.h MagickCore/magick-config.h MagickCore/magick-type.h MagickCore/matrix.h MagickCore/memory_.h MagickCore/method-attribute.h MagickCore/methods.h MagickCore/mime.h MagickCore/module.h MagickCore/monitor.h MagickCore/montage.h MagickCore/morphology.h MagickCore/nt-base.h MagickCore/opencl.h MagickCore/option.h MagickCore/paint.h MagickCore/pixel.h MagickCore/pixel-accessor.h MagickCore/policy.h MagickCore/prepress.h MagickCore/profile.h MagickCore/property.h MagickCore/quantize.h MagickCore/quantum.h MagickCore/random_.h MagickCore/registry.h MagickCore/resample.h MagickCore/resize.h MagickCore/resource_.h MagickCore/segment.h MagickCore/semaphore.h MagickCore/shear.h MagickCore/signature.h MagickCore/splay-tree.h MagickCore/static.h '/usr/local/include/ImageMagick-7/MagickCore'
 /usr/bin/install -c -m 644 MagickCore/statistic.h MagickCore/stream.h MagickCore/string_.h MagickCore/studio.h MagickCore/timer.h MagickCore/token.h MagickCore/transform.h MagickCore/threshold.h MagickCore/type.h MagickCore/utility.h MagickCore/version.h MagickCore/vision.h MagickCore/visual-effects.h MagickCore/widget.h MagickCore/xml-tree.h MagickCore/xwindow.h '/usr/local/include/ImageMagick-7/MagickCore'
 /usr/bin/mkdir -p '/usr/local/include/ImageMagick-7/MagickCore'
 /usr/bin/install -c -m 644 MagickCore/magick-baseconfig.h '/usr/local/include/ImageMagick-7/MagickCore'
 /usr/bin/mkdir -p '/usr/local/include/ImageMagick-7/MagickWand'
 /usr/bin/install -c -m 644 MagickWand/MagickWand.h MagickWand/animate.h MagickWand/compare.h MagickWand/composite.h MagickWand/conjure.h MagickWand/deprecate.h MagickWand/display.h MagickWand/drawing-wand.h MagickWand/identify.h MagickWand/import.h MagickWand/magick-cli.h MagickWand/magick-image.h MagickWand/magick-property.h MagickWand/method-attribute.h MagickWand/mogrify.h MagickWand/montage.h MagickWand/operation.h MagickWand/pixel-iterator.h MagickWand/pixel-wand.h MagickWand/stream.h MagickWand/wandcli.h MagickWand/wand-view.h '/usr/local/include/ImageMagick-7/MagickWand'
 /usr/bin/mkdir -p '/usr/local/etc/ImageMagick-7/'
 /usr/bin/install -c -m 644 config/colors.xml config/delegates.xml config/log.xml config/mime.xml config/policy.xml config/quantization-table.xml config/thresholds.xml config/type.xml config/type-apple.xml config/type-dejavu.xml config/type-ghostscript.xml config/type-urw-base35.xml config/type-windows.xml '/usr/local/etc/ImageMagick-7/'
 /usr/bin/mkdir -p '/usr/local/share/ImageMagick-7'
 /usr/bin/install -c -m 644 config/english.xml config/francais.xml config/locale.xml '/usr/local/share/ImageMagick-7'
 /usr/bin/mkdir -p '/usr/local/lib/ImageMagick-7.1.1/config-Q16HDRI'
 /usr/bin/install -c -m 644 config/configure.xml '/usr/local/lib/ImageMagick-7.1.1/config-Q16HDRI'
/bin/bash ./config/mkinstalldirs /usr/local/share/doc/ImageMagick-7
mkdir -p -- /usr/local/share/doc/ImageMagick-7
/usr/bin/install -c -m 644 ./index.html /usr/local/share/doc/ImageMagick-7
mkdir -p -- /usr/local/share/doc/ImageMagick-7/images
/usr/bin/install -c -m 644 ./images/affine.png /usr/local/share/doc/ImageMagick-7/images
/usr/bin/install -c -m 644 ./images/annotate.png /usr/local/share/doc/ImageMagick-7/images
/usr/bin/install -c -m 644 ./images/arc.png /usr/local/share/doc/ImageMagick-7/images
/usr/bin/install -c -m 644 ./images/atop.gif /usr/local/share/doc/ImageMagick-7/images
/usr/bin/install -c -m 644 ./images/background.jpg /usr/local/share/doc/ImageMagick-7/images
/usr/bin/install -c -m 644 ./images/bitcoin.svg /usr/local/share/doc/ImageMagick-7/images
/usr/bin/install -c -m 644 ./images/black.png /usr/local/share/doc/ImageMagick-7/images
/usr/bin/install -c -m 644 ./images/bluebells_clipped.jpg /usr/local/share/doc/ImageMagick-7/images
/usr/bin/install -c -m 644 ./images/bluebells_darker.jpg /usr/local/share/doc/ImageMagick-7/images
/usr/bin/install -c -m 644 ./images/bluebells_lin.jpg /usr/local/share/doc/ImageMagick-7/images
/usr/bin/install -c -m 644 ./images/bluebells_log.jpg /usr/local/share/doc/ImageMagick-7/images
/usr/bin/install -c -m 644 ./images/button.gif /usr/local/share/doc/ImageMagick-7/images
/usr/bin/install -c -m 644 ./images/color-thresholding.gif /usr/local/share/doc/ImageMagick-7/images
/usr/bin/install -c -m 644 ./images/color-thresholding-gray.gif /usr/local/share/doc/ImageMagick-7/images
/usr/bin/install -c -m 644 ./images/color-thresholding-hsv.gif /usr/local/share/doc/ImageMagick-7/images
/usr/bin/install -c -m 644 ./images/color-thresholding-hsv-rgb.gif /usr/local/share/doc/ImageMagick-7/images
/usr/bin/install -c -m 644 ./images/color-thresholding.jpg /usr/local/share/doc/ImageMagick-7/images
/usr/bin/install -c -m 644 ./images/color-thresholding-rgb.gif /usr/local/share/doc/ImageMagick-7/images
/usr/bin/install -c -m 644 ./images/configure.jpg /usr/local/share/doc/ImageMagick-7/images
/usr/bin/install -c -m 644 ./images/convex-hull-barn-closure.jpg /usr/local/share/doc/ImageMagick-7/images
/usr/bin/install -c -m 644 ./images/convex-hull-barn.jpg /usr/local/share/doc/ImageMagick-7/images
/usr/bin/install -c -m 644 ./images/convex-hull-blocks-closure.png /usr/local/share/doc/ImageMagick-7/images
/usr/bin/install -c -m 644 ./images/convex-hull-blocks.png /usr/local/share/doc/ImageMagick-7/images
/usr/bin/install -c -m 644 ./images/convex-hull.png /usr/local/share/doc/ImageMagick-7/images
/usr/bin/install -c -m 644 ./images/cylinder_shaded.png /usr/local/share/doc/ImageMagick-7/images
/usr/bin/install -c -m 644 ./images/difference.png /usr/local/share/doc/ImageMagick-7/images
/usr/bin/install -c -m 644 ./images/examples.jpg /usr/local/share/doc/ImageMagick-7/images
/usr/bin/install -c -m 644 ./images/frame.jpg /usr/local/share/doc/ImageMagick-7/images
/usr/bin/install -c -m 644 ./images/fuzzy-magick.png /usr/local/share/doc/ImageMagick-7/images
/usr/bin/install -c -m 644 ./images/gaussian-blur.png /usr/local/share/doc/ImageMagick-7/images
/usr/bin/install -c -m 644 ./images/granite.png /usr/local/share/doc/ImageMagick-7/images
/usr/bin/install -c -m 644 ./images/imade_art2.jpg /usr/local/share/doc/ImageMagick-7/images
/usr/bin/install -c -m 644 ./images/ImageMagick.ico /usr/local/share/doc/ImageMagick-7/images
/usr/bin/install -c -m 644 ./images/label.gif /usr/local/share/doc/ImageMagick-7/images
/usr/bin/install -c -m 644 ./images/logo.eps /usr/local/share/doc/ImageMagick-7/images
/usr/bin/install -c -m 644 ./images/logo.jpg /usr/local/share/doc/ImageMagick-7/images
/usr/bin/install -c -m 644 ./images/logo.png /usr/local/share/doc/ImageMagick-7/images
/usr/bin/install -c -m 644 ./images/logo-sm-flop.png /usr/local/share/doc/ImageMagick-7/images
/usr/bin/install -c -m 644 ./images/logo-sm-fx.png /usr/local/share/doc/ImageMagick-7/images
/usr/bin/install -c -m 644 ./images/logo-sm.png /usr/local/share/doc/ImageMagick-7/images
/usr/bin/install -c -m 644 ./images/montage.jpg /usr/local/share/doc/ImageMagick-7/images
/usr/bin/install -c -m 644 ./images/mountains-clahe.jpg /usr/local/share/doc/ImageMagick-7/images
/usr/bin/install -c -m 644 ./images/mountains-equalize.jpg /usr/local/share/doc/ImageMagick-7/images
/usr/bin/install -c -m 644 ./images/mountains.jpg /usr/local/share/doc/ImageMagick-7/images
/usr/bin/install -c -m 644 ./images/navy.png /usr/local/share/doc/ImageMagick-7/images
/usr/bin/install -c -m 644 ./images/objects.gif /usr/local/share/doc/ImageMagick-7/images
/usr/bin/install -c -m 644 ./images/objects.jpg /usr/local/share/doc/ImageMagick-7/images
/usr/bin/install -c -m 644 ./images/objects.png /usr/local/share/doc/ImageMagick-7/images
/usr/bin/install -c -m 644 ./images/over.gif /usr/local/share/doc/ImageMagick-7/images
/usr/bin/install -c -m 644 ./images/piechart.png /usr/local/share/doc/ImageMagick-7/images
/usr/bin/install -c -m 644 ./images/radial-gradient.png /usr/local/share/doc/ImageMagick-7/images
/usr/bin/install -c -m 644 ./images/reconstruct.jpg /usr/local/share/doc/ImageMagick-7/images
/usr/bin/install -c -m 644 ./images/red-ball.png /usr/local/share/doc/ImageMagick-7/images
/usr/bin/install -c -m 644 ./images/red-circle.png /usr/local/share/doc/ImageMagick-7/images
/usr/bin/install -c -m 644 ./images/right.gif /usr/local/share/doc/ImageMagick-7/images
/usr/bin/install -c -m 644 ./images/rose.jpg /usr/local/share/doc/ImageMagick-7/images
/usr/bin/install -c -m 644 ./images/rose-over.png /usr/local/share/doc/ImageMagick-7/images
/usr/bin/install -c -m 644 ./images/rose.png /usr/local/share/doc/ImageMagick-7/images
/usr/bin/install -c -m 644 ./images/rose.pnm /usr/local/share/doc/ImageMagick-7/images
/usr/bin/install -c -m 644 ./images/rose-sigmoidal.png /usr/local/share/doc/ImageMagick-7/images
/usr/bin/install -c -m 644 ./images/script.png /usr/local/share/doc/ImageMagick-7/images
/usr/bin/install -c -m 644 ./images/smile.gif /usr/local/share/doc/ImageMagick-7/images
/usr/bin/install -c -m 644 ./images/sponsor.jpg /usr/local/share/doc/ImageMagick-7/images
/usr/bin/install -c -m 644 ./images/sprite.jpg /usr/local/share/doc/ImageMagick-7/images
/usr/bin/install -c -m 644 ./images/t-shirt.png /usr/local/share/doc/ImageMagick-7/images
/usr/bin/install -c -m 644 ./images/wand.ico /usr/local/share/doc/ImageMagick-7/images
/usr/bin/install -c -m 644 ./images/wand.png /usr/local/share/doc/ImageMagick-7/images
/usr/bin/install -c -m 644 ./images/white-highlight.png /usr/local/share/doc/ImageMagick-7/images
/usr/bin/install -c -m 644 ./images/wizard.jpg /usr/local/share/doc/ImageMagick-7/images
/usr/bin/install -c -m 644 ./images/wizard.png /usr/local/share/doc/ImageMagick-7/images
mkdir -p -- /usr/local/share/doc/ImageMagick-7/images/patterns
/usr/bin/install -c -m 644 ./images/patterns/bricks.png /usr/local/share/doc/ImageMagick-7/images/patterns
/usr/bin/install -c -m 644 ./images/patterns/checkerboard.png /usr/local/share/doc/ImageMagick-7/images/patterns
/usr/bin/install -c -m 644 ./images/patterns/circles.png /usr/local/share/doc/ImageMagick-7/images/patterns
/usr/bin/install -c -m 644 ./images/patterns/crosshatch30.png /usr/local/share/doc/ImageMagick-7/images/patterns
/usr/bin/install -c -m 644 ./images/patterns/crosshatch45.png /usr/local/share/doc/ImageMagick-7/images/patterns
/usr/bin/install -c -m 644 ./images/patterns/crosshatch.png /usr/local/share/doc/ImageMagick-7/images/patterns
/usr/bin/install -c -m 644 ./images/patterns/fishscales.png /usr/local/share/doc/ImageMagick-7/images/patterns
/usr/bin/install -c -m 644 ./images/patterns/gray0.png /usr/local/share/doc/ImageMagick-7/images/patterns
/usr/bin/install -c -m 644 ./images/patterns/gray100.png /usr/local/share/doc/ImageMagick-7/images/patterns
/usr/bin/install -c -m 644 ./images/patterns/gray10.png /usr/local/share/doc/ImageMagick-7/images/patterns
/usr/bin/install -c -m 644 ./images/patterns/gray15.png /usr/local/share/doc/ImageMagick-7/images/patterns
/usr/bin/install -c -m 644 ./images/patterns/gray20.png /usr/local/share/doc/ImageMagick-7/images/patterns
/usr/bin/install -c -m 644 ./images/patterns/gray25.png /usr/local/share/doc/ImageMagick-7/images/patterns
/usr/bin/install -c -m 644 ./images/patterns/gray30.png /usr/local/share/doc/ImageMagick-7/images/patterns
/usr/bin/install -c -m 644 ./images/patterns/gray35.png /usr/local/share/doc/ImageMagick-7/images/patterns
/usr/bin/install -c -m 644 ./images/patterns/gray40.png /usr/local/share/doc/ImageMagick-7/images/patterns
/usr/bin/install -c -m 644 ./images/patterns/gray45.png /usr/local/share/doc/ImageMagick-7/images/patterns
/usr/bin/install -c -m 644 ./images/patterns/gray50.png /usr/local/share/doc/ImageMagick-7/images/patterns
/usr/bin/install -c -m 644 ./images/patterns/gray55.png /usr/local/share/doc/ImageMagick-7/images/patterns
/usr/bin/install -c -m 644 ./images/patterns/gray5.png /usr/local/share/doc/ImageMagick-7/images/patterns
/usr/bin/install -c -m 644 ./images/patterns/gray60.png /usr/local/share/doc/ImageMagick-7/images/patterns
/usr/bin/install -c -m 644 ./images/patterns/gray65.png /usr/local/share/doc/ImageMagick-7/images/patterns
/usr/bin/install -c -m 644 ./images/patterns/gray70.png /usr/local/share/doc/ImageMagick-7/images/patterns
/usr/bin/install -c -m 644 ./images/patterns/gray75.png /usr/local/share/doc/ImageMagick-7/images/patterns
/usr/bin/install -c -m 644 ./images/patterns/gray80.png /usr/local/share/doc/ImageMagick-7/images/patterns
/usr/bin/install -c -m 644 ./images/patterns/gray85.png /usr/local/share/doc/ImageMagick-7/images/patterns
/usr/bin/install -c -m 644 ./images/patterns/gray90.png /usr/local/share/doc/ImageMagick-7/images/patterns
/usr/bin/install -c -m 644 ./images/patterns/gray95.png /usr/local/share/doc/ImageMagick-7/images/patterns
/usr/bin/install -c -m 644 ./images/patterns/hexagons.png /usr/local/share/doc/ImageMagick-7/images/patterns
/usr/bin/install -c -m 644 ./images/patterns/horizontal2.png /usr/local/share/doc/ImageMagick-7/images/patterns
/usr/bin/install -c -m 644 ./images/patterns/horizontal3.png /usr/local/share/doc/ImageMagick-7/images/patterns
/usr/bin/install -c -m 644 ./images/patterns/horizontal.png /usr/local/share/doc/ImageMagick-7/images/patterns
/usr/bin/install -c -m 644 ./images/patterns/horizontalsaw.png /usr/local/share/doc/ImageMagick-7/images/patterns
/usr/bin/install -c -m 644 ./images/patterns/hs_bdiagonal.png /usr/local/share/doc/ImageMagick-7/images/patterns
/usr/bin/install -c -m 644 ./images/patterns/hs_cross.png /usr/local/share/doc/ImageMagick-7/images/patterns
/usr/bin/install -c -m 644 ./images/patterns/hs_diagcross.png /usr/local/share/doc/ImageMagick-7/images/patterns
/usr/bin/install -c -m 644 ./images/patterns/hs_fdiagonal.png /usr/local/share/doc/ImageMagick-7/images/patterns
/usr/bin/install -c -m 644 ./images/patterns/hs_horizontal.png /usr/local/share/doc/ImageMagick-7/images/patterns
/usr/bin/install -c -m 644 ./images/patterns/hs_vertical.png /usr/local/share/doc/ImageMagick-7/images/patterns
/usr/bin/install -c -m 644 ./images/patterns/left30.png /usr/local/share/doc/ImageMagick-7/images/patterns
/usr/bin/install -c -m 644 ./images/patterns/left45.png /usr/local/share/doc/ImageMagick-7/images/patterns
/usr/bin/install -c -m 644 ./images/patterns/leftshingle.png /usr/local/share/doc/ImageMagick-7/images/patterns
/usr/bin/install -c -m 644 ./images/patterns/octagons.png /usr/local/share/doc/ImageMagick-7/images/patterns
/usr/bin/install -c -m 644 ./images/patterns/right30.png /usr/local/share/doc/ImageMagick-7/images/patterns
/usr/bin/install -c -m 644 ./images/patterns/right45.png /usr/local/share/doc/ImageMagick-7/images/patterns
/usr/bin/install -c -m 644 ./images/patterns/rightshingle.png /usr/local/share/doc/ImageMagick-7/images/patterns
/usr/bin/install -c -m 644 ./images/patterns/smallfishscales.png /usr/local/share/doc/ImageMagick-7/images/patterns
/usr/bin/install -c -m 644 ./images/patterns/vertical2.png /usr/local/share/doc/ImageMagick-7/images/patterns
/usr/bin/install -c -m 644 ./images/patterns/vertical3.png /usr/local/share/doc/ImageMagick-7/images/patterns
/usr/bin/install -c -m 644 ./images/patterns/verticalbricks.png /usr/local/share/doc/ImageMagick-7/images/patterns
/usr/bin/install -c -m 644 ./images/patterns/verticalleftshingle.png /usr/local/share/doc/ImageMagick-7/images/patterns
/usr/bin/install -c -m 644 ./images/patterns/vertical.png /usr/local/share/doc/ImageMagick-7/images/patterns
/usr/bin/install -c -m 644 ./images/patterns/verticalrightshingle.png /usr/local/share/doc/ImageMagick-7/images/patterns
/usr/bin/install -c -m 644 ./images/patterns/verticalsaw.png /usr/local/share/doc/ImageMagick-7/images/patterns
mkdir -p -- /usr/local/share/doc/ImageMagick-7/www
/usr/bin/install -c -m 644 ./www/advanced-linux-installation.html /usr/local/share/doc/ImageMagick-7/www
/usr/bin/install -c -m 644 ./www/advanced-unix-installation.html /usr/local/share/doc/ImageMagick-7/www
/usr/bin/install -c -m 644 ./www/advanced-windows-installation.html /usr/local/share/doc/ImageMagick-7/www
/usr/bin/install -c -m 644 ./www/animate.html /usr/local/share/doc/ImageMagick-7/www
/usr/bin/install -c -m 644 ./www/architecture.html /usr/local/share/doc/ImageMagick-7/www
/usr/bin/install -c -m 644 ./www/changelog.html /usr/local/share/doc/ImageMagick-7/www
/usr/bin/install -c -m 644 ./www/cipher.html /usr/local/share/doc/ImageMagick-7/www
/usr/bin/install -c -m 644 ./www/cite.html /usr/local/share/doc/ImageMagick-7/www
/usr/bin/install -c -m 644 ./www/clahe.html /usr/local/share/doc/ImageMagick-7/www
/usr/bin/install -c -m 644 ./www/color.html /usr/local/share/doc/ImageMagick-7/www
/usr/bin/install -c -m 644 ./www/color-management.html /usr/local/share/doc/ImageMagick-7/www
/usr/bin/install -c -m 644 ./www/color-thresholding.html /usr/local/share/doc/ImageMagick-7/www
/usr/bin/install -c -m 644 ./www/command-line-options.html /usr/local/share/doc/ImageMagick-7/www
/usr/bin/install -c -m 644 ./www/command-line-processing.html /usr/local/share/doc/ImageMagick-7/www
/usr/bin/install -c -m 644 ./www/command-line-tools.html /usr/local/share/doc/ImageMagick-7/www
/usr/bin/install -c -m 644 ./www/compare.html /usr/local/share/doc/ImageMagick-7/www
/usr/bin/install -c -m 644 ./www/compose.html /usr/local/share/doc/ImageMagick-7/www
/usr/bin/install -c -m 644 ./www/composite.html /usr/local/share/doc/ImageMagick-7/www
/usr/bin/install -c -m 644 ./www/conjure.html /usr/local/share/doc/ImageMagick-7/www
/usr/bin/install -c -m 644 ./www/connected-components.html /usr/local/share/doc/ImageMagick-7/www
/usr/bin/install -c -m 644 ./www/contact.html /usr/local/share/doc/ImageMagick-7/www
/usr/bin/install -c -m 644 ./www/convert.html /usr/local/share/doc/ImageMagick-7/www
/usr/bin/install -c -m 644 ./www/convex-hull.html /usr/local/share/doc/ImageMagick-7/www
/usr/bin/install -c -m 644 ./www/defines.html /usr/local/share/doc/ImageMagick-7/www
/usr/bin/install -c -m 644 ./www/develop.html /usr/local/share/doc/ImageMagick-7/www
/usr/bin/install -c -m 644 ./www/display.html /usr/local/share/doc/ImageMagick-7/www
/usr/bin/install -c -m 644 ./www/distribute-pixel-cache.html /usr/local/share/doc/ImageMagick-7/www
/usr/bin/install -c -m 644 ./www/download.html /usr/local/share/doc/ImageMagick-7/www
/usr/bin/install -c -m 644 ./www/escape.html /usr/local/share/doc/ImageMagick-7/www
/usr/bin/install -c -m 644 ./www/examples.html /usr/local/share/doc/ImageMagick-7/www
/usr/bin/install -c -m 644 ./www/exception.html /usr/local/share/doc/ImageMagick-7/www
/usr/bin/install -c -m 644 ./www/export.html /usr/local/share/doc/ImageMagick-7/www
/usr/bin/install -c -m 644 ./www/favicon.ico /usr/local/share/doc/ImageMagick-7/www
/usr/bin/install -c -m 644 ./www/formats.html /usr/local/share/doc/ImageMagick-7/www
/usr/bin/install -c -m 644 ./www/fx.html /usr/local/share/doc/ImageMagick-7/www
/usr/bin/install -c -m 644 ./www/gradient.html /usr/local/share/doc/ImageMagick-7/www
/usr/bin/install -c -m 644 ./www/high-dynamic-range.html /usr/local/share/doc/ImageMagick-7/www
/usr/bin/install -c -m 644 ./www/history.html /usr/local/share/doc/ImageMagick-7/www
/usr/bin/install -c -m 644 ./www/identify.html /usr/local/share/doc/ImageMagick-7/www
/usr/bin/install -c -m 644 ./www/import.html /usr/local/share/doc/ImageMagick-7/www
/usr/bin/install -c -m 644 ./www/index.html /usr/local/share/doc/ImageMagick-7/www
/usr/bin/install -c -m 644 ./www/install-source.html /usr/local/share/doc/ImageMagick-7/www
/usr/bin/install -c -m 644 ./www/jp2.html /usr/local/share/doc/ImageMagick-7/www
/usr/bin/install -c -m 644 ./www/license.html /usr/local/share/doc/ImageMagick-7/www
/usr/bin/install -c -m 644 ./www/links.html /usr/local/share/doc/ImageMagick-7/www
/usr/bin/install -c -m 644 ./www/magick-cache.html /usr/local/share/doc/ImageMagick-7/www
/usr/bin/install -c -m 644 ./www/magick-core.html /usr/local/share/doc/ImageMagick-7/www
/usr/bin/install -c -m 644 ./www/magick++.html /usr/local/share/doc/ImageMagick-7/www
/usr/bin/install -c -m 644 ./www/magick.html /usr/local/share/doc/ImageMagick-7/www
/usr/bin/install -c -m 644 ./www/magick-script.html /usr/local/share/doc/ImageMagick-7/www
/usr/bin/install -c -m 644 ./www/magick-vector-graphics.html /usr/local/share/doc/ImageMagick-7/www
/usr/bin/install -c -m 644 ./www/magick-wand.html /usr/local/share/doc/ImageMagick-7/www
/usr/bin/install -c -m 644 ./www/miff.html /usr/local/share/doc/ImageMagick-7/www
/usr/bin/install -c -m 644 ./www/mirror.html /usr/local/share/doc/ImageMagick-7/www
/usr/bin/install -c -m 644 ./www/mogrify.html /usr/local/share/doc/ImageMagick-7/www
/usr/bin/install -c -m 644 ./www/montage.html /usr/local/share/doc/ImageMagick-7/www
/usr/bin/install -c -m 644 ./www/motion-picture.html /usr/local/share/doc/ImageMagick-7/www
/usr/bin/install -c -m 644 ./www/multispectral-imagery.html /usr/local/share/doc/ImageMagick-7/www
/usr/bin/install -c -m 644 ./www/news.html /usr/local/share/doc/ImageMagick-7/www
/usr/bin/install -c -m 644 ./www/opencl.html /usr/local/share/doc/ImageMagick-7/www
/usr/bin/install -c -m 644 ./www/openmp.html /usr/local/share/doc/ImageMagick-7/www
/usr/bin/install -c -m 644 ./www/perl-magick.html /usr/local/share/doc/ImageMagick-7/www
/usr/bin/install -c -m 644 ./www/porting.html /usr/local/share/doc/ImageMagick-7/www
/usr/bin/install -c -m 644 ./www/privacy-policy.html /usr/local/share/doc/ImageMagick-7/www
/usr/bin/install -c -m 644 ./www/quantize.html /usr/local/share/doc/ImageMagick-7/www
/usr/bin/install -c -m 644 ./www/resources.html /usr/local/share/doc/ImageMagick-7/www
/usr/bin/install -c -m 644 ./www/search.html /usr/local/share/doc/ImageMagick-7/www
/usr/bin/install -c -m 644 ./www/security-policy.html /usr/local/share/doc/ImageMagick-7/www
/usr/bin/install -c -m 644 ./www/sitemap.html /usr/local/share/doc/ImageMagick-7/www
/usr/bin/install -c -m 644 ./www/stream.html /usr/local/share/doc/ImageMagick-7/www
/usr/bin/install -c -m 644 ./www/support.html /usr/local/share/doc/ImageMagick-7/www
/usr/bin/install -c -m 644 ./www/vpat.html /usr/local/share/doc/ImageMagick-7/www
/usr/bin/install -c -m 644 ./www/wand.png /usr/local/share/doc/ImageMagick-7/www
/usr/bin/install -c -m 644 ./www/webp.html /usr/local/share/doc/ImageMagick-7/www
mkdir -p -- /usr/local/share/doc/ImageMagick-7/www/assets
/usr/bin/install -c -m 644 ./www/assets/color-modes.js /usr/local/share/doc/ImageMagick-7/www/assets
/usr/bin/install -c -m 644 ./www/assets/magick.css /usr/local/share/doc/ImageMagick-7/www/assets
/usr/bin/install -c -m 644 ./www/assets/magick.js /usr/local/share/doc/ImageMagick-7/www/assets
mkdir -p -- /usr/local/share/doc/ImageMagick-7/www/api
/usr/bin/install -c -m 644 ./www/api/animate.html /usr/local/share/doc/ImageMagick-7/www/api
/usr/bin/install -c -m 644 ./www/api/annotate.html /usr/local/share/doc/ImageMagick-7/www/api
/usr/bin/install -c -m 644 ./www/api/attribute.html /usr/local/share/doc/ImageMagick-7/www/api
/usr/bin/install -c -m 644 ./www/api/blob.html /usr/local/share/doc/ImageMagick-7/www/api
/usr/bin/install -c -m 644 ./www/api/cache.html /usr/local/share/doc/ImageMagick-7/www/api
/usr/bin/install -c -m 644 ./www/api/cache-view.html /usr/local/share/doc/ImageMagick-7/www/api
/usr/bin/install -c -m 644 ./www/api/channel.html /usr/local/share/doc/ImageMagick-7/www/api
/usr/bin/install -c -m 644 ./www/api/cipher.html /usr/local/share/doc/ImageMagick-7/www/api
/usr/bin/install -c -m 644 ./www/api/color.html /usr/local/share/doc/ImageMagick-7/www/api
/usr/bin/install -c -m 644 ./www/api/colormap.html /usr/local/share/doc/ImageMagick-7/www/api
/usr/bin/install -c -m 644 ./www/api/colorspace.html /usr/local/share/doc/ImageMagick-7/www/api
/usr/bin/install -c -m 644 ./www/api/compare.html /usr/local/share/doc/ImageMagick-7/www/api
/usr/bin/install -c -m 644 ./www/api/composite.html /usr/local/share/doc/ImageMagick-7/www/api
/usr/bin/install -c -m 644 ./www/api/constitute.html /usr/local/share/doc/ImageMagick-7/www/api
/usr/bin/install -c -m 644 ./www/api/decorate.html /usr/local/share/doc/ImageMagick-7/www/api
/usr/bin/install -c -m 644 ./www/api/deprecate.html /usr/local/share/doc/ImageMagick-7/www/api
/usr/bin/install -c -m 644 ./www/api/display.html /usr/local/share/doc/ImageMagick-7/www/api
/usr/bin/install -c -m 644 ./www/api/distort.html /usr/local/share/doc/ImageMagick-7/www/api
/usr/bin/install -c -m 644 ./www/api/draw.html /usr/local/share/doc/ImageMagick-7/www/api
/usr/bin/install -c -m 644 ./www/api/drawing-wand.html /usr/local/share/doc/ImageMagick-7/www/api
/usr/bin/install -c -m 644 ./www/api/effect.html /usr/local/share/doc/ImageMagick-7/www/api
/usr/bin/install -c -m 644 ./www/api/enhance.html /usr/local/share/doc/ImageMagick-7/www/api
/usr/bin/install -c -m 644 ./www/api/exception.html /usr/local/share/doc/ImageMagick-7/www/api
/usr/bin/install -c -m 644 ./www/api/feature.html /usr/local/share/doc/ImageMagick-7/www/api
/usr/bin/install -c -m 644 ./www/api/fourier.html /usr/local/share/doc/ImageMagick-7/www/api
/usr/bin/install -c -m 644 ./www/api/fx.html /usr/local/share/doc/ImageMagick-7/www/api
/usr/bin/install -c -m 644 ./www/api/histogram.html /usr/local/share/doc/ImageMagick-7/www/api
/usr/bin/install -c -m 644 ./www/api/image.html /usr/local/share/doc/ImageMagick-7/www/api
/usr/bin/install -c -m 644 ./www/api/Image++.html /usr/local/share/doc/ImageMagick-7/www/api
/usr/bin/install -c -m 644 ./www/api/image-view.html /usr/local/share/doc/ImageMagick-7/www/api
/usr/bin/install -c -m 644 ./www/api/layer.html /usr/local/share/doc/ImageMagick-7/www/api
/usr/bin/install -c -m 644 ./www/api/list.html /usr/local/share/doc/ImageMagick-7/www/api
/usr/bin/install -c -m 644 ./www/api/magick++-classes.html /usr/local/share/doc/ImageMagick-7/www/api
/usr/bin/install -c -m 644 ./www/api/magick-deprecate.html /usr/local/share/doc/ImageMagick-7/www/api
/usr/bin/install -c -m 644 ./www/api/magick.html /usr/local/share/doc/ImageMagick-7/www/api
/usr/bin/install -c -m 644 ./www/api/magick-image.html /usr/local/share/doc/ImageMagick-7/www/api
/usr/bin/install -c -m 644 ./www/api/magick-property.html /usr/local/share/doc/ImageMagick-7/www/api
/usr/bin/install -c -m 644 ./www/api/magick-wand.html /usr/local/share/doc/ImageMagick-7/www/api
/usr/bin/install -c -m 644 ./www/api/memory.html /usr/local/share/doc/ImageMagick-7/www/api
/usr/bin/install -c -m 644 ./www/api/mime.html /usr/local/share/doc/ImageMagick-7/www/api
/usr/bin/install -c -m 644 ./www/api/module.html /usr/local/share/doc/ImageMagick-7/www/api
/usr/bin/install -c -m 644 ./www/api/mogrify.html /usr/local/share/doc/ImageMagick-7/www/api
/usr/bin/install -c -m 644 ./www/api/monitor.html /usr/local/share/doc/ImageMagick-7/www/api
/usr/bin/install -c -m 644 ./www/api/montage.html /usr/local/share/doc/ImageMagick-7/www/api
/usr/bin/install -c -m 644 ./www/api/morphology.html /usr/local/share/doc/ImageMagick-7/www/api
/usr/bin/install -c -m 644 ./www/api/paint.html /usr/local/share/doc/ImageMagick-7/www/api
/usr/bin/install -c -m 644 ./www/api/pixel-iterator.html /usr/local/share/doc/ImageMagick-7/www/api
/usr/bin/install -c -m 644 ./www/api/pixel-wand.html /usr/local/share/doc/ImageMagick-7/www/api
/usr/bin/install -c -m 644 ./www/api/profile.html /usr/local/share/doc/ImageMagick-7/www/api
/usr/bin/install -c -m 644 ./www/api/property.html /usr/local/share/doc/ImageMagick-7/www/api
/usr/bin/install -c -m 644 ./www/api/quantize.html /usr/local/share/doc/ImageMagick-7/www/api
/usr/bin/install -c -m 644 ./www/api/registry.html /usr/local/share/doc/ImageMagick-7/www/api
/usr/bin/install -c -m 644 ./www/api/resize.html /usr/local/share/doc/ImageMagick-7/www/api
/usr/bin/install -c -m 644 ./www/api/resource.html /usr/local/share/doc/ImageMagick-7/www/api
/usr/bin/install -c -m 644 ./www/api/segment.html /usr/local/share/doc/ImageMagick-7/www/api
/usr/bin/install -c -m 644 ./www/api/shear.html /usr/local/share/doc/ImageMagick-7/www/api
/usr/bin/install -c -m 644 ./www/api/signature.html /usr/local/share/doc/ImageMagick-7/www/api
/usr/bin/install -c -m 644 ./www/api/statistic.html /usr/local/share/doc/ImageMagick-7/www/api
/usr/bin/install -c -m 644 ./www/api/stream.html /usr/local/share/doc/ImageMagick-7/www/api
/usr/bin/install -c -m 644 ./www/api/transform.html /usr/local/share/doc/ImageMagick-7/www/api
/usr/bin/install -c -m 644 ./www/api/version.html /usr/local/share/doc/ImageMagick-7/www/api
/usr/bin/install -c -m 644 ./www/api/vision.html /usr/local/share/doc/ImageMagick-7/www/api
/usr/bin/install -c -m 644 ./www/api/wand-view.html /usr/local/share/doc/ImageMagick-7/www/api
mkdir -p -- /usr/local/share/doc/ImageMagick-7/www/source
/usr/bin/install -c -m 644 ./www/source/analyze.c /usr/local/share/doc/ImageMagick-7/www/source
/usr/bin/install -c -m 644 ./www/source/coder.xml /usr/local/share/doc/ImageMagick-7/www/source
/usr/bin/install -c -m 644 ./www/source/colors.xml /usr/local/share/doc/ImageMagick-7/www/source
/usr/bin/install -c -m 644 ./www/source/configure.xml /usr/local/share/doc/ImageMagick-7/www/source
/usr/bin/install -c -m 644 ./www/source/contrast.c /usr/local/share/doc/ImageMagick-7/www/source
/usr/bin/install -c -m 644 ./www/source/core.c /usr/local/share/doc/ImageMagick-7/www/source
/usr/bin/install -c -m 644 ./www/source/delegates.xml /usr/local/share/doc/ImageMagick-7/www/source
/usr/bin/install -c -m 644 ./www/source/english.xml /usr/local/share/doc/ImageMagick-7/www/source
/usr/bin/install -c -m 644 ./www/source/examples.pl /usr/local/share/doc/ImageMagick-7/www/source
/usr/bin/install -c -m 644 ./www/source/francais.xml /usr/local/share/doc/ImageMagick-7/www/source
/usr/bin/install -c -m 644 ./www/source/incantation.msl /usr/local/share/doc/ImageMagick-7/www/source
/usr/bin/install -c -m 644 ./www/source/locale.xml /usr/local/share/doc/ImageMagick-7/www/source
/usr/bin/install -c -m 644 ./www/source/log.xml /usr/local/share/doc/ImageMagick-7/www/source
/usr/bin/install -c -m 644 ./www/source/magic.xml /usr/local/share/doc/ImageMagick-7/www/source
/usr/bin/install -c -m 644 ./www/source/mgk.c /usr/local/share/doc/ImageMagick-7/www/source
/usr/bin/install -c -m 644 ./www/source/mime.xml /usr/local/share/doc/ImageMagick-7/www/source
/usr/bin/install -c -m 644 ./www/source/piechart.mvg /usr/local/share/doc/ImageMagick-7/www/source
/usr/bin/install -c -m 644 ./www/source/piechart.svg /usr/local/share/doc/ImageMagick-7/www/source
/usr/bin/install -c -m 644 ./www/source/policy.xml /usr/local/share/doc/ImageMagick-7/www/source
/usr/bin/install -c -m 644 ./www/source/quantization-table.xml /usr/local/share/doc/ImageMagick-7/www/source
/usr/bin/install -c -m 644 ./www/source/thresholds.xml /usr/local/share/doc/ImageMagick-7/www/source
/usr/bin/install -c -m 644 ./www/source/type-apple.xml /usr/local/share/doc/ImageMagick-7/www/source
/usr/bin/install -c -m 644 ./www/source/type-dejavu.xml /usr/local/share/doc/ImageMagick-7/www/source
/usr/bin/install -c -m 644 ./www/source/type-ghostscript.xml /usr/local/share/doc/ImageMagick-7/www/source
/usr/bin/install -c -m 644 ./www/source/type-urw-base35.xml /usr/local/share/doc/ImageMagick-7/www/source
/usr/bin/install -c -m 644 ./www/source/type-windows.xml /usr/local/share/doc/ImageMagick-7/www/source
/usr/bin/install -c -m 644 ./www/source/type.xml /usr/local/share/doc/ImageMagick-7/www/source
/usr/bin/install -c -m 644 ./www/source/wand.c /usr/local/share/doc/ImageMagick-7/www/source
mkdir -p -- /usr/local/share/doc/ImageMagick-7/www/Magick++
/usr/bin/install -c -m 644 ./www/Magick++/Blob.html /usr/local/share/doc/ImageMagick-7/www/Magick++
/usr/bin/install -c -m 644 ./www/Magick++/Cache.fig /usr/local/share/doc/ImageMagick-7/www/Magick++
/usr/bin/install -c -m 644 ./www/Magick++/Cache.png /usr/local/share/doc/ImageMagick-7/www/Magick++
/usr/bin/install -c -m 644 ./www/Magick++/Cache.svg /usr/local/share/doc/ImageMagick-7/www/Magick++
/usr/bin/install -c -m 644 ./www/Magick++/ChangeLog.html /usr/local/share/doc/ImageMagick-7/www/Magick++
/usr/bin/install -c -m 644 ./www/Magick++/CoderInfo.html /usr/local/share/doc/ImageMagick-7/www/Magick++
/usr/bin/install -c -m 644 ./www/Magick++/Color.html /usr/local/share/doc/ImageMagick-7/www/Magick++
/usr/bin/install -c -m 644 ./www/Magick++/Documentation.html /usr/local/share/doc/ImageMagick-7/www/Magick++
/usr/bin/install -c -m 644 ./www/Magick++/Drawable_example_1.png /usr/local/share/doc/ImageMagick-7/www/Magick++
/usr/bin/install -c -m 644 ./www/Magick++/Drawable.html /usr/local/share/doc/ImageMagick-7/www/Magick++
/usr/bin/install -c -m 644 ./www/Magick++/Enumerations.html /usr/local/share/doc/ImageMagick-7/www/Magick++
/usr/bin/install -c -m 644 ./www/Magick++/Exception.html /usr/local/share/doc/ImageMagick-7/www/Magick++
/usr/bin/install -c -m 644 ./www/Magick++/FormatCharacters.html /usr/local/share/doc/ImageMagick-7/www/Magick++
/usr/bin/install -c -m 644 ./www/Magick++/Future.html /usr/local/share/doc/ImageMagick-7/www/Magick++
/usr/bin/install -c -m 644 ./www/Magick++/Geometry.html /usr/local/share/doc/ImageMagick-7/www/Magick++
/usr/bin/install -c -m 644 ./www/Magick++/ImageDesign.html /usr/local/share/doc/ImageMagick-7/www/Magick++
/usr/bin/install -c -m 644 ./www/Magick++/Image.fig /usr/local/share/doc/ImageMagick-7/www/Magick++
/usr/bin/install -c -m 644 ./www/Magick++/Image++.html /usr/local/share/doc/ImageMagick-7/www/Magick++
/usr/bin/install -c -m 644 ./www/Magick++/Image.html /usr/local/share/doc/ImageMagick-7/www/Magick++
/usr/bin/install -c -m 644 ./www/Magick++/ImageMagick.png /usr/local/share/doc/ImageMagick-7/www/Magick++
/usr/bin/install -c -m 644 ./www/Magick++/Image.png /usr/local/share/doc/ImageMagick-7/www/Magick++
/usr/bin/install -c -m 644 ./www/Magick++/index.html /usr/local/share/doc/ImageMagick-7/www/Magick++
/usr/bin/install -c -m 644 ./www/Magick++/Install.html /usr/local/share/doc/ImageMagick-7/www/Magick++
/usr/bin/install -c -m 644 ./www/Magick++/magick.css /usr/local/share/doc/ImageMagick-7/www/Magick++
/usr/bin/install -c -m 644 ./www/Magick++/Magick++.png /usr/local/share/doc/ImageMagick-7/www/Magick++
/usr/bin/install -c -m 644 ./www/Magick++/Montage.html /usr/local/share/doc/ImageMagick-7/www/Magick++
/usr/bin/install -c -m 644 ./www/Magick++/montage-sample-framed.jpg /usr/local/share/doc/ImageMagick-7/www/Magick++
/usr/bin/install -c -m 644 ./www/Magick++/NEWS.html /usr/local/share/doc/ImageMagick-7/www/Magick++
/usr/bin/install -c -m 644 ./www/Magick++/PixelPacket.html /usr/local/share/doc/ImageMagick-7/www/Magick++
/usr/bin/install -c -m 644 ./www/Magick++/Pixels.html /usr/local/share/doc/ImageMagick-7/www/Magick++
/usr/bin/install -c -m 644 ./www/Magick++/Quantum.html /usr/local/share/doc/ImageMagick-7/www/Magick++
/usr/bin/install -c -m 644 ./www/Magick++/README.txt /usr/local/share/doc/ImageMagick-7/www/Magick++
/usr/bin/install -c -m 644 ./www/Magick++/right_triangle.png /usr/local/share/doc/ImageMagick-7/www/Magick++
/usr/bin/install -c -m 644 ./www/Magick++/STL.html /usr/local/share/doc/ImageMagick-7/www/Magick++
/usr/bin/install -c -m 644 ./www/Magick++/thumbnail-anatomy-framed.fig /usr/local/share/doc/ImageMagick-7/www/Magick++
/usr/bin/install -c -m 644 ./www/Magick++/thumbnail-anatomy-framed.jpg /usr/local/share/doc/ImageMagick-7/www/Magick++
/usr/bin/install -c -m 644 ./www/Magick++/thumbnail-anatomy-plain.fig /usr/local/share/doc/ImageMagick-7/www/Magick++
/usr/bin/install -c -m 644 ./www/Magick++/thumbnail-anatomy-plain.jpg /usr/local/share/doc/ImageMagick-7/www/Magick++
/usr/bin/install -c -m 644 ./www/Magick++/thumbnail-sample-framed.jpg /usr/local/share/doc/ImageMagick-7/www/Magick++
/usr/bin/install -c -m 644 ./www/Magick++/thumbnail-sample-plain.jpg /usr/local/share/doc/ImageMagick-7/www/Magick++
/usr/bin/install -c -m 644 ./www/Magick++/TypeMetric.html /usr/local/share/doc/ImageMagick-7/www/Magick++
 /usr/bin/mkdir -p '/usr/local/share/doc/ImageMagick-7'
 /usr/bin/install -c -m 644 LICENSE '/usr/local/share/doc/ImageMagick-7'
 /usr/bin/mkdir -p '/usr/local/include/ImageMagick-7/Magick++'
 /usr/bin/install -c -m 644 Magick++/lib/Magick++/Blob.h Magick++/lib/Magick++/CoderInfo.h Magick++/lib/Magick++/Color.h Magick++/lib/Magick++/Drawable.h Magick++/lib/Magick++/Exception.h Magick++/lib/Magick++/Functions.h Magick++/lib/Magick++/Geometry.h Magick++/lib/Magick++/Image.h Magick++/lib/Magick++/Include.h Magick++/lib/Magick++/Montage.h Magick++/lib/Magick++/Pixels.h Magick++/lib/Magick++/ResourceLimits.h Magick++/lib/Magick++/SecurityPolicy.h Magick++/lib/Magick++/Statistic.h Magick++/lib/Magick++/STL.h Magick++/lib/Magick++/TypeMetric.h '/usr/local/include/ImageMagick-7/Magick++'
 /usr/bin/mkdir -p '/usr/local/include/ImageMagick-7'
 /usr/bin/install -c -m 644 Magick++/lib/Magick++.h '/usr/local/include/ImageMagick-7'
 /usr/bin/mkdir -p '/usr/local/share/man/man1'
 /usr/bin/install -c -m 644 MagickCore/MagickCore-config.1 MagickWand/MagickWand-config.1 Magick++/bin/Magick++-config.1 utilities/ImageMagick.1 utilities/animate.1 utilities/compare.1 utilities/composite.1 utilities/conjure.1 utilities/convert.1 utilities/display.1 utilities/identify.1 utilities/import.1 utilities/magick.1 utilities/magick-script.1 utilities/mogrify.1 utilities/montage.1 utilities/stream.1 '/usr/local/share/man/man1'
 /usr/bin/mkdir -p '/usr/local/lib/pkgconfig'
 /usr/bin/install -c -m 644 MagickCore/ImageMagick.pc MagickCore/ImageMagick-7.Q16HDRI.pc MagickCore/MagickCore.pc MagickCore/MagickCore-7.Q16HDRI.pc MagickWand/MagickWand.pc MagickWand/MagickWand-7.Q16HDRI.pc Magick++/lib/Magick++.pc Magick++/lib/Magick++-7.Q16HDRI.pc '/usr/local/lib/pkgconfig'
make[2]: Leaving directory '/home/inderharrysingh/hyperx/Ubuntu-Hyprland/ImageMagick'
make[1]: Leaving directory '/home/inderharrysingh/hyperx/Ubuntu-Hyprland/ImageMagick'
[32m[OK](B[m ImageMagick installed successfully.
