[32m[OK](B[m cliphist is already installed. Skipping...
[32m[OK](B[m grim is already installed. Skipping...
[32m[OK](B[m gvfs is already installed. Skipping...
[32m[OK](B[m gvfs-backends is already installed. Skipping...
[32m[OK](B[m inxi is already installed. Skipping...
[32m[OK](B[m kitty is already installed. Skipping...
[32m[OK](B[m nano is already installed. Skipping...
[32m[OK](B[m pavucontrol is already installed. Skipping...
[32m[OK](B[m playerctl is already installed. Skipping...
[32m[OK](B[m polkit-kde-agent-1 is already installed. Skipping...
[32m[OK](B[m python3-requests is already installed. Skipping...
[32m[OK](B[m python3-pip is already installed. Skipping...
[32m[OK](B[m qt5ct is already installed. Skipping...
[32m[OK](B[m qt5-style-kvantum is already installed. Skipping...
[32m[OK](B[m qt5-style-kvantum-themes is already installed. Skipping...
[32m[OK](B[m qt6ct is already installed. Skipping...
[32m[OK](B[m slurp is already installed. Skipping...
[32m[OK](B[m sway-notification-center is already installed. Skipping...
[32m[OK](B[m waybar is already installed. Skipping...
[32m[OK](B[m wget is already installed. Skipping...
[32m[OK](B[m wl-clipboard is already installed. Skipping...
[32m[OK](B[m wlogout is already installed. Skipping...
[32m[OK](B[m xdg-user-dirs is already installed. Skipping...
[32m[OK](B[m xdg-utils is already installed. Skipping...
[32m[OK](B[m yad is already installed. Skipping...
[32m[OK](B[m brightnessctl is already installed. Skipping...
[32m[OK](B[m btop is already installed. Skipping...
[32m[OK](B[m cava is already installed. Skipping...
[32m[OK](B[m eog is already installed. Skipping...
[32m[OK](B[m gnome-system-monitor is already installed. Skipping...
[32m[OK](B[m mousepad is already installed. Skipping...
[32m[OK](B[m mpv is already installed. Skipping...
[32m[OK](B[m mpv-mpris is already installed. Skipping...
[32m[OK](B[m nvtop is already installed. Skipping...
[32m[OK](B[m pamixer is already installed. Skipping...
[32m[OK](B[m qalculate-gtk is already installed. Skipping...
[32m[OK](B[m vim is already installed. Skipping...
