info: downloading installer
warning: it looks like you have an existing installation of Rust at:
warning: /usr/bin
warning: It is recommended that rustup be the primary Rust installation.
warning: Otherwise you may have confusion unless you are careful with your PATH
warning: If you are sure that you want both rustup and your already installed Rust
warning: then please reply `y' or `yes' or set RUSTUP_INIT_SKIP_PATH_CHECK to yes
warning: or pass `-y' to ignore all ignorable checks.
error: cannot install while Rust is installed
warning: continuing (because the -y flag is set and the error is ignorable)
info: profile set to 'default'
info: default host triple is x86_64-unknown-linux-gnu
warning: Updating existing toolchain, profile choice will be ignored
info: syncing channel updates for 'stable-x86_64-unknown-linux-gnu'
info: default toolchain set to 'stable-x86_64-unknown-linux-gnu'

  stable-x86_64-unknown-linux-gnu unchanged - rustc 1.80.1 (3f5fd8dd4 2024-08-06)


Rust is installed now. Great!

To get started you may need to restart your current shell.
This would reload your PATH environment variable to include
Cargo's bin directory ($HOME/.cargo/bin).

To configure your current shell, you need to source
the corresponding env file under $HOME/.cargo.

This is usually done by running one of the following (note the leading DOT):
. "$HOME/.cargo/env"            # For sh/bash/zsh/ash/dash/pdksh
source "$HOME/.cargo/env.fish"  # For fish
Removing existing Wallust binary...
Installing Wallust using Cargo...
    Updating crates.io index
  Installing wallust v3.0.0
    Updating crates.io index
     Locking 230 packages to latest compatible versions
      Adding aligned-vec v0.5.0 (latest: v0.6.1)
      Adding bitflags v1.3.2 (latest: v2.6.0)
      Adding cfg-expr v0.15.8 (latest: v0.16.0)
      Adding heck v0.4.1 (latest: v0.5.0)
      Adding idna v0.5.0 (latest: v1.0.2)
      Adding itertools v0.12.1 (latest: v0.13.0)
      Adding miniz_oxide v0.7.4 (latest: v0.8.0)
      Adding strum v0.24.1 (latest: v0.26.3)
      Adding strum_macros v0.24.3 (latest: v0.26.4)
      Adding syn v1.0.109 (latest: v2.0.77)
      Adding system-deps v6.2.2 (latest: v7.0.2)
      Adding wasi v0.11.0+wasi-snapshot-preview1 (latest: v0.13.2+wasi-0.2.1)
      Adding windows-sys v0.48.0 (latest: v0.59.0)
      Adding windows-sys v0.52.0 (latest: v0.59.0)
      Adding windows-targets v0.48.5 (latest: v0.52.6)
      Adding windows_aarch64_gnullvm v0.48.5 (latest: v0.52.6)
      Adding windows_aarch64_msvc v0.48.5 (latest: v0.52.6)
      Adding windows_i686_gnu v0.48.5 (latest: v0.52.6)
      Adding windows_i686_msvc v0.48.5 (latest: v0.52.6)
      Adding windows_x86_64_gnu v0.48.5 (latest: v0.52.6)
      Adding windows_x86_64_gnullvm v0.48.5 (latest: v0.52.6)
      Adding windows_x86_64_msvc v0.48.5 (latest: v0.52.6)
   Compiling proc-macro2 v1.0.86
   Compiling unicode-ident v1.0.12
   Compiling libc v0.2.158
   Compiling serde v1.0.209
   Compiling autocfg v1.3.0
   Compiling cfg-if v1.0.0
   Compiling rustversion v1.0.17
   Compiling memchr v2.7.4
   Compiling thiserror v1.0.63
   Compiling anyhow v1.0.86
   Compiling syn v1.0.109
   Compiling itoa v1.0.11
   Compiling serde_json v1.0.127
   Compiling version_check v0.9.5
   Compiling num-traits v0.2.19
   Compiling ryu v1.0.18
   Compiling fnv v1.0.7
   Compiling strsim v0.11.1
   Compiling ident_case v1.0.1
   Compiling shlex v1.3.0
   Compiling quote v1.0.37
   Compiling pkg-config v0.3.30
   Compiling jobserver v0.1.32
   Compiling syn v2.0.77
   Compiling proc-macro-error-attr v1.0.4
   Compiling vcpkg v0.2.15
   Compiling cc v1.1.15
   Compiling proc-macro-error v1.0.4
   Compiling crossbeam-utils v0.8.20
   Compiling tinyvec_macros v0.1.1
   Compiling tinyvec v1.8.0
   Compiling semver v1.0.23
   Compiling camino v1.1.9
   Compiling num-integer v0.1.46
   Compiling vergen-lib v0.1.3
   Compiling aho-corasick v1.1.3
   Compiling lock_api v0.4.12
   Compiling unicode-normalization v0.1.23
   Compiling unicode-bidi v0.3.15
   Compiling regex-syntax v0.8.4
   Compiling simd-adler32 v0.3.7
   Compiling either v1.13.0
   Compiling percent-encoding v2.3.1
   Compiling idna v0.5.0
   Compiling form_urlencoded v1.2.1
   Compiling libz-sys v1.1.20
   Compiling libgit2-sys v0.17.0+1.8.1
   Compiling crossbeam-epoch v0.9.18
   Compiling num-bigint v0.4.6
   Compiling vergen v9.0.0
   Compiling rayon-core v1.12.1
   Compiling built v0.7.4
   Compiling powerfmt v0.2.0
   Compiling byteorder v1.5.0
   Compiling darling_core v0.20.10
   Compiling regex-automata v0.4.7
   Compiling getset v0.1.2
   Compiling paste v1.0.15
   Compiling minimal-lexical v0.2.1
   Compiling scopeguard v1.2.0
   Compiling adler2 v2.0.0
   Compiling aligned-vec v0.5.0
   Compiling arrayvec v0.7.6
   Compiling v_frame v0.3.8
   Compiling miniz_oxide v0.8.0
   Compiling num-rational v0.4.2
   Compiling nom v7.1.3
   Compiling rav1e v0.7.1
   Compiling deranged v0.3.11
   Compiling crossbeam-deque v0.8.5
   Compiling regex v1.10.6
   Compiling serde_derive v1.0.209
   Compiling thiserror-impl v1.0.63
   Compiling zerocopy-derive v0.7.35
   Compiling profiling-procmacros v1.0.15
   Compiling darling_macro v0.20.10
   Compiling url v2.5.2
   Compiling getrandom v0.2.15
   Compiling vergen-git2 v1.0.0
   Compiling darling v0.20.10
   Compiling derive_builder_core v0.20.1
   Compiling crc32fast v1.4.2
   Compiling num_threads v0.1.7
   Compiling log v0.4.22
   Compiling zerocopy v0.7.35
   Compiling adler v1.0.2
   Compiling anstyle v1.0.8
   Compiling time-core v0.1.2
   Compiling utf8parse v0.2.2
   Compiling bytemuck v1.17.1
   Compiling num-conv v0.1.0
   Compiling bitflags v2.6.0
   Compiling clap_lex v0.7.2
   Compiling time v0.3.36
   Compiling clap_builder v4.5.15
   Compiling anstyle-parse v0.2.5
   Compiling miniz_oxide v0.7.4
   Compiling av1-grain v0.2.3
   Compiling ppv-lite86 v0.2.20
   Compiling derive_builder_macro v0.20.1
   Compiling flate2 v1.0.33
   Compiling derive_builder v0.20.1
   Compiling rand_core v0.6.4
   Compiling profiling v1.0.15
   Compiling num-derive v0.4.2
   Compiling arg_enum_proc_macro v0.3.4
   Compiling spin v0.9.8
   Compiling itertools v0.12.1
   Compiling simd_helpers v0.1.0
   Compiling maybe-rayon v0.1.1
   Compiling noop_proc_macro v0.3.0
   Compiling heck v0.4.1
   Compiling quick-error v2.0.1
   Compiling new_debug_unreachable v1.0.6
   Compiling imgref v1.10.1
   Compiling palette v0.7.6
   Compiling colorchoice v1.0.2
   Compiling weezl v0.1.8
   Compiling anstyle-query v1.1.1
   Compiling bitstream-io v2.5.3
   Compiling by_address v1.2.1
   Compiling equivalent v1.0.1
   Compiling option-ext v0.2.0
   Compiling hashbrown v0.14.5
   Compiling once_cell v1.19.0
   Compiling is_terminal_polyfill v1.70.1
   Compiling anstream v0.6.15
   Compiling indexmap v2.5.0
   Compiling dirs-sys v0.4.1
   Compiling palette_derive v0.7.6
   Compiling loop9 v0.1.5
   Compiling cargo-platform v0.1.8
   Compiling toml_datetime v0.6.8
   Compiling serde_spanned v0.6.7
   Compiling cargo_metadata v0.18.1
   Compiling strum_macros v0.24.3
   Compiling wallust_themes v1.0.0
   Compiling flume v0.11.0
   Compiling clap v4.5.16
   Compiling rand_chacha v0.3.1
   Compiling rgb v0.8.50
   Compiling avif-serialize v0.8.1
   Compiling zune-inflate v0.2.54
   Compiling fdeflate v0.3.4
   Compiling half v2.4.1
   Compiling fast-srgb8 v1.0.0
   Compiling heck v0.5.0
   Compiling lebe v0.5.2
   Compiling winnow v0.6.18
   Compiling zune-core v0.4.12
   Compiling lazy_static v1.5.0
   Compiling litrs v0.4.1
   Compiling byteorder-lite v0.1.0
   Compiling bitflags v1.3.2
   Compiling bit_field v0.10.2
   Compiling color_quant v1.1.0
   Compiling jpeg-decoder v0.3.1
   Compiling smallvec v1.13.2
   Compiling document-features v0.2.10
   Compiling exr v1.72.0
   Compiling gif v0.13.1
   Compiling tiff v0.9.1
   Compiling ravif v0.11.10
   Compiling toml_edit v0.22.20
   Compiling image-webp v0.1.3
   Compiling png v0.17.13
   Compiling zune-jpeg v0.4.13
   Compiling clap_derive v4.5.13
   Compiling strum v0.24.1
   Compiling rand v0.8.5
   Compiling dirs v5.0.1
   Compiling rayon v1.10.0
   Compiling qoi v0.4.1
   Compiling memo-map v0.3.3
   Compiling self_cell v1.0.4
   Compiling maplit v1.0.2
   Compiling spinners v4.1.1
   Compiling image v0.25.2
   Compiling minijinja v2.2.0
   Compiling shellexpand v3.1.0
   Compiling new_string_template v1.5.3
   Compiling toml v0.8.19
   Compiling fast_image_resize v4.2.1
   Compiling itertools v0.13.0
   Compiling glob v0.3.1
   Compiling owo-colors v4.0.0
   Compiling dunce v1.0.5
   Compiling fastrand v2.1.1
   Compiling kmeans_colors v0.6.0
   Compiling git2 v0.19.0
   Compiling wallust v3.0.0
    Finished `release` profile [optimized] target(s) in 3m 13s
  Installing /home/inderharrysingh/.cargo/bin/wallust
   Installed package `wallust v3.0.0` (executable `wallust`)
Wallust installed successfully.
Moving Wallust binary to /usr/local/bin...
