info: downloading installer
info: profile set to 'default'
info: default host triple is x86_64-unknown-linux-gnu
warning: Updating existing toolchain, profile choice will be ignored
info: syncing channel updates for 'stable-x86_64-unknown-linux-gnu'
info: latest update on 2024-08-08, rust version 1.80.1 (3f5fd8dd4 2024-08-06)
info: downloading component 'rust-src'
info: downloading component 'cargo'
info: downloading component 'clippy'
info: downloading component 'rust-docs'
info: downloading component 'rust-std'
info: downloading component 'rustc'
info: downloading component 'rustfmt'
info: removing previous version of component 'rust-src'
info: removing previous version of component 'cargo'
info: removing previous version of component 'clippy'
info: removing previous version of component 'rust-docs'
info: removing previous version of component 'rust-std'
info: removing previous version of component 'rustc'
info: removing previous version of component 'rustfmt'
info: installing component 'rust-src'
info: installing component 'cargo'
info: installing component 'clippy'
info: installing component 'rust-docs'
info: installing component 'rust-std'
info: installing component 'rustc'
info: installing component 'rustfmt'
info: default toolchain set to 'stable-x86_64-unknown-linux-gnu'

  stable-x86_64-unknown-linux-gnu updated - rustc 1.80.1 (3f5fd8dd4 2024-08-06) (from rustc 1.76.0 (07dca489a 2024-02-04))


Rust is installed now. Great!

To get started you may need to restart your current shell.
This would reload your PATH environment variable to include
Cargo's bin directory ($HOME/.cargo/bin).

To configure your current shell, you need to source
the corresponding env file under $HOME/.cargo.

This is usually done by running one of the following (note the leading DOT):
. "$HOME/.cargo/env"            # For sh/bash/zsh/ash/dash/pdksh
source "$HOME/.cargo/env.fish"  # For fish
Installing Wallust using Cargo...
    Updating crates.io index
 Downloading crates ...
  Downloaded wallust v3.0.0
  Installing wallust v3.0.0
    Updating crates.io index
     Locking 230 packages to latest compatible versions
      Adding aligned-vec v0.5.0 (latest: v0.6.1)
      Adding bitflags v1.3.2 (latest: v2.6.0)
      Adding cfg-expr v0.15.8 (latest: v0.16.0)
      Adding heck v0.4.1 (latest: v0.5.0)
      Adding idna v0.5.0 (latest: v1.0.2)
      Adding itertools v0.12.1 (latest: v0.13.0)
      Adding miniz_oxide v0.7.4 (latest: v0.8.0)
      Adding strum v0.24.1 (latest: v0.26.3)
      Adding strum_macros v0.24.3 (latest: v0.26.4)
      Adding syn v1.0.109 (latest: v2.0.76)
      Adding system-deps v6.2.2 (latest: v7.0.2)
      Adding wasi v0.11.0+wasi-snapshot-preview1 (latest: v0.13.2+wasi-0.2.1)
      Adding windows-sys v0.48.0 (latest: v0.59.0)
      Adding windows-sys v0.52.0 (latest: v0.59.0)
      Adding windows-targets v0.48.5 (latest: v0.52.6)
      Adding windows_aarch64_gnullvm v0.48.5 (latest: v0.52.6)
      Adding windows_aarch64_msvc v0.48.5 (latest: v0.52.6)
      Adding windows_i686_gnu v0.48.5 (latest: v0.52.6)
      Adding windows_i686_msvc v0.48.5 (latest: v0.52.6)
      Adding windows_x86_64_gnu v0.48.5 (latest: v0.52.6)
      Adding windows_x86_64_gnullvm v0.48.5 (latest: v0.52.6)
      Adding windows_x86_64_msvc v0.48.5 (latest: v0.52.6)
 Downloading crates ...
  Downloaded arg_enum_proc_macro v0.3.4
  Downloaded new_debug_unreachable v1.0.6
  Downloaded option-ext v0.2.0
  Downloaded noop_proc_macro v0.3.0
  Downloaded num-conv v0.1.0
  Downloaded either v1.13.0
  Downloaded document-features v0.2.10
  Downloaded fastrand v2.1.1
  Downloaded fast-srgb8 v1.0.0
  Downloaded clap_lex v0.7.2
  Downloaded cargo_metadata v0.18.1
  Downloaded dunce v1.0.5
  Downloaded new_string_template v1.5.3
  Downloaded memo-map v0.3.3
  Downloaded maplit v1.0.2
  Downloaded num_threads v0.1.7
  Downloaded lock_api v0.4.12
  Downloaded gif v0.13.1
  Downloaded bitflags v2.6.0
  Downloaded profiling-procmacros v1.0.15
  Downloaded time-core v0.1.2
  Downloaded kmeans_colors v0.6.0
  Downloaded jobserver v0.1.32
  Downloaded crossbeam-utils v0.8.20
  Downloaded image-webp v0.1.3
  Downloaded log v0.4.22
  Downloaded clap v4.5.16
  Downloaded miniz_oxide v0.7.4
  Downloaded strum v0.24.1
  Downloaded miniz_oxide v0.8.0
  Downloaded indexmap v2.5.0
  Downloaded minimal-lexical v0.2.1
  Downloaded nom v7.1.3
  Downloaded fast_image_resize v4.2.1
  Downloaded itertools v0.12.1
  Downloaded minijinja v2.2.0
  Downloaded image v0.25.2
  Downloaded git2 v0.19.0
  Downloaded simd_helpers v0.1.0
  Downloaded wasm-bindgen-macro v0.2.93
  Downloaded exr v1.72.0
  Downloaded itertools v0.13.0
  Downloaded paste v1.0.15
  Downloaded libz-sys v1.1.20
  Downloaded num-derive v0.4.2
  Downloaded proc-macro-error-attr v1.0.4
  Downloaded powerfmt v0.2.0
  Downloaded palette_derive v0.7.6
  Downloaded libgit2-sys v0.17.0+1.8.1
  Downloaded thiserror v1.0.63
  Downloaded wasm-bindgen-macro-support v0.2.93
  Downloaded v_frame v0.3.8
  Downloaded version_check v0.9.5
  Downloaded thiserror-impl v1.0.63
  Downloaded vergen-git2 v1.0.0
  Downloaded zune-core v0.4.12
  Downloaded num-integer v0.1.46
  Downloaded strum_macros v0.24.3
  Downloaded num-traits v0.2.19
  Downloaded vergen-lib v0.1.3
  Downloaded wasm-bindgen-shared v0.2.93
  Downloaded quote v1.0.37
  Downloaded ppv-lite86 v0.2.20
  Downloaded smallvec v1.13.2
  Downloaded semver v1.0.23
  Downloaded wallust_themes v1.0.0
  Downloaded wasm-bindgen-backend v0.2.93
  Downloaded num-rational v0.4.2
  Downloaded tinyvec v1.8.0
  Downloaded zune-inflate v0.2.54
  Downloaded toml v0.8.19
  Downloaded spin v0.9.8
  Downloaded qoi v0.4.1
  Downloaded rayon-core v1.12.1
  Downloaded weezl v0.1.8
  Downloaded proc-macro2 v1.0.86
  Downloaded zune-jpeg v0.4.13
  Downloaded wasm-bindgen v0.2.93
  Downloaded serde v1.0.209
  Downloaded zerocopy-derive v0.7.35
  Downloaded rand v0.8.5
  Downloaded vergen v9.0.0
  Downloaded png v0.17.13
  Downloaded time-macros v0.2.18
  Downloaded url v2.5.2
  Downloaded serde_derive v1.0.209
  Downloaded ryu v1.0.18
  Downloaded num-bigint v0.4.6
  Downloaded toml_edit v0.22.20
  Downloaded time v0.3.36
  Downloaded scopeguard v1.2.0
  Downloaded shellexpand v3.1.0
  Downloaded rgb v0.8.49
  Downloaded utf8parse v0.2.2
  Downloaded proc-macro-error v1.0.4
  Downloaded owo-colors v4.0.0
  Downloaded serde_json v1.0.127
  Downloaded zerocopy v0.7.35
  Downloaded winnow v0.6.18
  Downloaded rayon v1.10.0
  Downloaded strsim v0.11.1
  Downloaded syn v1.0.109
  Downloaded palette v0.7.6
  Downloaded syn v2.0.76
  Downloaded regex v1.10.6
  Downloaded regex-syntax v0.8.4
  Downloaded toml_datetime v0.6.8
  Downloaded spinners v4.1.1
  Downloaded simd-adler32 v0.3.7
  Downloaded shlex v1.3.0
  Downloaded serde_spanned v0.6.7
  Downloaded self_cell v1.0.4
  Downloaded rustversion v1.0.17
  Downloaded ravif v0.11.10
  Downloaded regex-automata v0.4.7
  Downloaded rand_core v0.6.4
  Downloaded rand_chacha v0.3.1
  Downloaded quick-error v2.0.1
  Downloaded profiling v1.0.15
  Downloaded libc v0.2.158
  Downloaded jpeg-decoder v0.3.1
  Downloaded aho-corasick v1.1.3
  Downloaded hashbrown v0.14.5
  Downloaded clap_builder v4.5.15
  Downloaded memchr v2.7.4
  Downloaded flate2 v1.0.33
  Downloaded imgref v1.10.1
  Downloaded tiff v0.9.1
  Downloaded cc v1.1.15
  Downloaded rav1e v0.7.1
  Downloaded bytemuck v1.17.1
  Downloaded bumpalo v3.16.0
  Downloaded flume v0.11.0
  Downloaded darling_core v0.20.10
  Downloaded litrs v0.4.1
  Downloaded heck v0.4.1
  Downloaded half v2.4.1
  Downloaded getrandom v0.2.15
  Downloaded derive_builder_core v0.20.1
  Downloaded crossbeam-epoch v0.9.18
  Downloaded clap_derive v4.5.13
  Downloaded av1-grain v0.2.3
  Downloaded anyhow v1.0.86
  Downloaded fdeflate v0.3.4
  Downloaded derive_builder v0.20.1
  Downloaded deranged v0.3.11
  Downloaded darling v0.20.10
  Downloaded crc32fast v1.4.2
  Downloaded camino v1.1.9
  Downloaded bitstream-io v2.5.3
  Downloaded lebe v0.5.2
  Downloaded lazy_static v1.5.0
  Downloaded itoa v1.0.11
  Downloaded heck v0.5.0
  Downloaded glob v0.3.1
  Downloaded getset v0.1.2
  Downloaded arrayvec v0.7.6
  Downloaded anstyle-parse v0.2.5
  Downloaded dirs-sys v0.4.1
  Downloaded byteorder-lite v0.1.0
  Downloaded anstream v0.6.15
  Downloaded is_terminal_polyfill v1.70.1
  Downloaded dirs v5.0.1
  Downloaded crossbeam-deque v0.8.5
  Downloaded colorchoice v1.0.2
  Downloaded cargo-platform v0.1.8
  Downloaded byteorder v1.5.0
  Downloaded by_address v1.2.1
  Downloaded built v0.7.4
  Downloaded bitflags v1.3.2
  Downloaded bit_field v0.10.2
  Downloaded avif-serialize v0.8.1
  Downloaded autocfg v1.3.0
  Downloaded approx v0.5.1
  Downloaded anstyle-query v1.1.1
  Downloaded anstyle v1.0.8
  Downloaded aligned-vec v0.5.0
  Downloaded maybe-rayon v0.1.1
  Downloaded loop9 v0.1.5
  Downloaded ident_case v1.0.1
  Downloaded derive_builder_macro v0.20.1
  Downloaded darling_macro v0.20.10
  Downloaded color_quant v1.1.0
  Downloaded adler2 v2.0.0
  Downloaded adler v1.0.2
   Compiling proc-macro2 v1.0.86
   Compiling unicode-ident v1.0.12
   Compiling libc v0.2.158
   Compiling serde v1.0.209
   Compiling autocfg v1.3.0
   Compiling cfg-if v1.0.0
   Compiling rustversion v1.0.17
   Compiling memchr v2.7.4
   Compiling anyhow v1.0.86
   Compiling thiserror v1.0.63
   Compiling itoa v1.0.11
   Compiling version_check v0.9.5
   Compiling serde_json v1.0.127
   Compiling syn v1.0.109
   Compiling num-traits v0.2.19
   Compiling quote v1.0.37
   Compiling ryu v1.0.18
   Compiling shlex v1.3.0
   Compiling fnv v1.0.7
   Compiling syn v2.0.76
   Compiling jobserver v0.1.32
   Compiling strsim v0.11.1
   Compiling ident_case v1.0.1
   Compiling pkg-config v0.3.30
   Compiling cc v1.1.15
   Compiling proc-macro-error-attr v1.0.4
   Compiling vcpkg v0.2.15
   Compiling proc-macro-error v1.0.4
   Compiling crossbeam-utils v0.8.20
   Compiling tinyvec_macros v0.1.1
   Compiling tinyvec v1.8.0
   Compiling semver v1.0.23
   Compiling camino v1.1.9
   Compiling num-integer v0.1.46
   Compiling vergen-lib v0.1.3
   Compiling aho-corasick v1.1.3
   Compiling lock_api v0.4.12
   Compiling regex-syntax v0.8.4
   Compiling unicode-normalization v0.1.23
   Compiling unicode-bidi v0.3.15
   Compiling percent-encoding v2.3.1
   Compiling simd-adler32 v0.3.7
   Compiling either v1.13.0
   Compiling darling_core v0.20.10
   Compiling libz-sys v1.1.20
   Compiling libgit2-sys v0.17.0+1.8.1
   Compiling idna v0.5.0
   Compiling form_urlencoded v1.2.1
   Compiling num-bigint v0.4.6
   Compiling regex-automata v0.4.7
   Compiling crossbeam-epoch v0.9.18
   Compiling getset v0.1.2
   Compiling vergen v9.0.0
   Compiling minimal-lexical v0.2.1
   Compiling byteorder v1.5.0
   Compiling adler2 v2.0.0
   Compiling arrayvec v0.7.6
   Compiling scopeguard v1.2.0
   Compiling rayon-core v1.12.1
   Compiling paste v1.0.15
   Compiling built v0.7.4
   Compiling aligned-vec v0.5.0
   Compiling powerfmt v0.2.0
   Compiling v_frame v0.3.8
   Compiling deranged v0.3.11
   Compiling rav1e v0.7.1
   Compiling miniz_oxide v0.8.0
   Compiling num-rational v0.4.2
   Compiling serde_derive v1.0.209
   Compiling thiserror-impl v1.0.63
   Compiling darling_macro v0.20.10
   Compiling zerocopy-derive v0.7.35
   Compiling darling v0.20.10
   Compiling derive_builder_core v0.20.1
   Compiling regex v1.10.6
   Compiling profiling-procmacros v1.0.15
   Compiling nom v7.1.3
   Compiling zerocopy v0.7.35
   Compiling crossbeam-deque v0.8.5
   Compiling derive_builder_macro v0.20.1
   Compiling url v2.5.2
   Compiling vergen-git2 v1.0.0
   Compiling getrandom v0.2.15
   Compiling crc32fast v1.4.2
   Compiling utf8parse v0.2.2
   Compiling clap_lex v0.7.2
   Compiling num-conv v0.1.0
   Compiling bytemuck v1.17.1
   Compiling derive_builder v0.20.1
   Compiling anstyle v1.0.8
   Compiling log v0.4.22
   Compiling num_threads v0.1.7
   Compiling adler v1.0.2
   Compiling bitflags v2.6.0
   Compiling time-core v0.1.2
   Compiling time v0.3.36
   Compiling miniz_oxide v0.7.4
   Compiling clap_builder v4.5.15
   Compiling anstyle-parse v0.2.5
   Compiling flate2 v1.0.33
   Compiling rand_core v0.6.4
   Compiling ppv-lite86 v0.2.20
   Compiling av1-grain v0.2.3
   Compiling profiling v1.0.15
   Compiling arg_enum_proc_macro v0.3.4
   Compiling num-derive v0.4.2
   Compiling spin v0.9.8
   Compiling itertools v0.12.1
   Compiling simd_helpers v0.1.0
   Compiling maybe-rayon v0.1.1
   Compiling bitstream-io v2.5.3
   Compiling once_cell v1.19.0
   Compiling colorchoice v1.0.2
   Compiling hashbrown v0.14.5
   Compiling anstyle-query v1.1.1
   Compiling noop_proc_macro v0.3.0
   Compiling weezl v0.1.8
   Compiling quick-error v2.0.1
   Compiling cargo-platform v0.1.8
   Compiling is_terminal_polyfill v1.70.1
   Compiling option-ext v0.2.0
   Compiling new_debug_unreachable v1.0.6
   Compiling by_address v1.2.1
   Compiling imgref v1.10.1
   Compiling equivalent v1.0.1
   Compiling palette v0.7.6
   Compiling heck v0.4.1
   Compiling loop9 v0.1.5
   Compiling indexmap v2.5.0
   Compiling strum_macros v0.24.3
   Compiling cargo_metadata v0.18.1
   Compiling wallust_themes v1.0.0
   Compiling toml_datetime v0.6.8
   Compiling serde_spanned v0.6.7
   Compiling palette_derive v0.7.6
   Compiling dirs-sys v0.4.1
   Compiling anstream v0.6.15
   Compiling flume v0.11.0
   Compiling clap v4.5.16
   Compiling rand_chacha v0.3.1
   Compiling rgb v0.8.49
   Compiling avif-serialize v0.8.1
   Compiling fdeflate v0.3.4
   Compiling zune-inflate v0.2.54
   Compiling half v2.4.1
   Compiling winnow v0.6.18
   Compiling bit_field v0.10.2
   Compiling heck v0.5.0
   Compiling jpeg-decoder v0.3.1
   Compiling color_quant v1.1.0
   Compiling fast-srgb8 v1.0.0
   Compiling lebe v0.5.2
   Compiling lazy_static v1.5.0
   Compiling bitflags v1.3.2
   Compiling smallvec v1.13.2
   Compiling zune-core v0.4.12
   Compiling litrs v0.4.1
   Compiling byteorder-lite v0.1.0
   Compiling image-webp v0.1.3
   Compiling document-features v0.2.10
   Compiling tiff v0.9.1
   Compiling toml_edit v0.22.20
   Compiling zune-jpeg v0.4.13
   Compiling ravif v0.11.10
   Compiling exr v1.72.0
   Compiling png v0.17.13
   Compiling gif v0.13.1
   Compiling clap_derive v4.5.13
   Compiling rand v0.8.5
   Compiling dirs v5.0.1
   Compiling strum v0.24.1
   Compiling rayon v1.10.0
   Compiling qoi v0.4.1
   Compiling maplit v1.0.2
   Compiling self_cell v1.0.4
   Compiling memo-map v0.3.3
   Compiling minijinja v2.2.0
   Compiling spinners v4.1.1
   Compiling image v0.25.2
   Compiling shellexpand v3.1.0
   Compiling new_string_template v1.5.3
   Compiling toml v0.8.19
   Compiling fast_image_resize v4.2.1
   Compiling itertools v0.13.0
   Compiling glob v0.3.1
   Compiling kmeans_colors v0.6.0
   Compiling dunce v1.0.5
   Compiling owo-colors v4.0.0
   Compiling fastrand v2.1.1
   Compiling git2 v0.19.0
   Compiling wallust v3.0.0
    Finished `release` profile [optimized] target(s) in 7m 42s
  Installing /home/inderharrysingh/.cargo/bin/wallust
   Installed package `wallust v3.0.0` (executable `wallust`)
Wallust installed successfully.
Moving Wallust binary to /usr/local/bin...
